<?xml version="1.0" encoding="UTF-8"?>
<!-- Generated by org.testng.reporters.JUnitXMLReporter -->
<testsuite hostname="Saurabh" ignored="0" name="Test" tests="2" failures="1" timestamp="01 Aug 2019 05:02:18 GMT" time="0.242" errors="0">
  <testcase name="intialize" time="0.0" classname="qaclickacademy.HomePage">
    <failure type="org.testng.TestNGException" message="
Cannot inject @Test annotated Method [intialize] with [class java.lang.String, class java.lang.String].
For more information on native dependency injection please refer to http://testng.org/doc/documentation-main.html#native-dependency-injection">
      <![CDATA[org.testng.TestNGException: 
Cannot inject @Test annotated Method [intialize] with [class java.lang.String, class java.lang.String].
For more information on native dependency injection please refer to http://testng.org/doc/documentation-main.html#native-dependency-injection
... Removed 24 stack frames]]>
    </failure>
  </testcase> <!-- intialize -->
  <testcase name="homepage1" time="0.0" classname="qaclickacademy.HomePage">
    <skipped/>
  </testcase> <!-- homepage1 -->
</testsuite> <!-- Test -->
