<?xml version="1.0" encoding="UTF-8"?>
<!-- Generated by org.testng.reporters.JUnitXMLReporter -->
<testsuite hostname="Saurabh" ignored="0" name="Test" tests="2" failures="1" timestamp="16 Sep 2019 05:36:27 GMT" time="0.245" errors="0">
  <testcase name="intialize" time="0.034" classname="qaclickacademy.HomePage">
    <failure type="java.io.FileNotFoundException" message="C:\Users\Saurabh\Mavenjava\src\main\java\qaclickacademy\data.properties (The system cannot find the path specified)">
      <![CDATA[java.io.FileNotFoundException: C:\Users\Saurabh\Mavenjava\src\main\java\qaclickacademy\data.properties (The system cannot find the path specified)
at java.io.FileInputStream.open0(Native Method)
at java.io.FileInputStream.open(Unknown Source)
at java.io.FileInputStream.<init>(Unknown Source)
at java.io.FileInputStream.<init>(Unknown Source)
at qaclickacademy.Basic.intializebrowser(Basic.java:27)
at qaclickacademy.HomePage.intialize(HomePage.java:30)
... Removed 25 stack frames]]>
    </failure>
  </testcase> <!-- intialize -->
  <testcase name="homepage1" time="0.0" classname="qaclickacademy.HomePage">
    <skipped/>
  </testcase> <!-- homepage1 -->
</testsuite> <!-- Test -->
